{"level":"info","message":"[mb:2526] mountebank v2.9.1 now taking orders - point your browser to http://localhost:2526/ for help","timestamp":"2026-03-18T21:43:27.018Z"}
{"level":"info","message":"[mb:2526] GET /images/book.jpg","timestamp":"2026-03-18T21:43:31.883Z"}
{"level":"info","message":"[mb:2526] POST /imposters","timestamp":"2026-03-18T21:45:53.726Z"}
{"level":"info","message":"[http:3000] Open for business...","timestamp":"2026-03-18T21:45:53.736Z"}
{"level":"info","message":"[mb:2526] POST /imposters","timestamp":"2026-03-18T21:46:28.629Z"}
{"level":"error","message":"[mb:2526] error creating imposter: {\"code\":\"EADDRINUSE\",\"errno\":-4091,\"syscall\":\"listen\",\"address\":\"::\",\"port\":3000,\"message\":\"listen EADDRINUSE: address already in use :::3000\",\"name\":\"Error\",\"stack\":\"Error: listen EADDRINUSE: address already in use :::3000\\n    at Server.setupListenHandle [as _listen2] (node:net:1940:16)\\n    at listenInCluster (node:net:1997:12)\\n    at Server.listen (node:net:2102:7)\\n    at C:\\\\Users\\\\filip\\\\AppData\\\\Roaming\\\\npm\\\\node_modules\\\\mountebank\\\\src\\\\models\\\\http\\\\baseHttpServer.js:172:20\\n    at new Promise (<anonymous>)\\n    at create (C:\\\\Users\\\\filip\\\\AppData\\\\Roaming\\\\npm\\\\node_modules\\\\mountebank\\\\src\\\\models\\\\http\\\\baseHttpServer.js:158:16)\\n    at Object.createServer (C:\\\\Users\\\\filip\\\\AppData\\\\Roaming\\\\npm\\\\node_modules\\\\mountebank\\\\src\\\\models\\\\protocols.js:35:34)\\n    at C:\\\\Users\\\\filip\\\\AppData\\\\Roaming\\\\npm\\\\node_modules\\\\mountebank\\\\src\\\\models\\\\imposter.js:198:22\\n    at new Promise (<anonymous>)\\n    at Object.create (C:\\\\Users\\\\filip\\\\AppData\\\\Roaming\\\\npm\\\\node_modules\\\\mountebank\\\\src\\\\models\\\\imposter.js:192:12)\"}","timestamp":"2026-03-18T21:46:28.633Z"}
{"level":"info","message":"[mb:2526] POST /imposters","timestamp":"2026-03-18T21:47:44.097Z"}
{"level":"info","message":"[http:3001] Open for business...","timestamp":"2026-03-18T21:47:44.100Z"}
{"level":"info","message":"[http:3001] ::1:58145 => POST /","timestamp":"2026-03-18T21:49:54.219Z"}
{"level":"info","message":"[http:3001] no predicate match, using default response","timestamp":"2026-03-18T21:49:54.221Z"}
{"level":"info","message":"[http:3001] ::1:58154 => GET /","timestamp":"2026-03-18T21:50:06.235Z"}
{"level":"info","message":"[http:3001] no predicate match, using default response","timestamp":"2026-03-18T21:50:06.236Z"}
{"level":"info","message":"[http:3001] ::1:58159 => POST /","timestamp":"2026-03-18T21:50:12.394Z"}
{"level":"info","message":"[http:3001] no predicate match, using default response","timestamp":"2026-03-18T21:50:12.397Z"}
{"level":"info","message":"[http:3001] ::1:49672 => GET /","timestamp":"2026-03-18T21:51:06.346Z"}
{"level":"info","message":"[http:3001] no predicate match, using default response","timestamp":"2026-03-18T21:51:06.349Z"}
{"level":"info","message":"[http:3001] ::1:51713 => GET /","timestamp":"2026-03-18T21:51:12.924Z"}
{"level":"info","message":"[http:3001] no predicate match, using default response","timestamp":"2026-03-18T21:51:12.925Z"}
{"level":"info","message":"[http:3001] ::1:51719 => GET /","timestamp":"2026-03-18T21:51:23.226Z"}
{"level":"info","message":"[http:3001] no predicate match, using default response","timestamp":"2026-03-18T21:51:23.226Z"}
{"level":"info","message":"[http:3001] ::1:51343 => GET /qualquercoisa","timestamp":"2026-03-18T21:51:43.492Z"}
{"level":"info","message":"[http:3001] no predicate match, using default response","timestamp":"2026-03-18T21:51:43.493Z"}
{"level":"info","message":"[http:3001] ::1:50629 => GET /","timestamp":"2026-03-18T21:51:50.648Z"}
{"level":"info","message":"[http:3001] no predicate match, using default response","timestamp":"2026-03-18T21:51:50.650Z"}
{"level":"info","message":"[mb:2526] GET /images/book.jpg","timestamp":"2026-03-18T22:01:47.325Z"}
{"level":"info","message":"[mb:2526] GET /images/book.jpg","timestamp":"2026-03-18T23:03:49.756Z"}
{"level":"info","message":"[http:3001] ::1:50828 => GET /api/marcas","timestamp":"2026-03-18T23:04:34.112Z"}
{"level":"info","message":"[http:3001] no predicate match, using default response","timestamp":"2026-03-18T23:04:34.123Z"}
{"level":"info","message":"[http:3001] ::1:50836 => GET /api/marcas","timestamp":"2026-03-18T23:05:15.473Z"}
{"level":"info","message":"[http:3001] no predicate match, using default response","timestamp":"2026-03-18T23:05:15.475Z"}
{"level":"info","message":"[http:3001] ::1:58351 => GET /api/marcas","timestamp":"2026-03-18T23:06:32.588Z"}
{"level":"info","message":"[http:3001] no predicate match, using default response","timestamp":"2026-03-18T23:06:32.589Z"}
{"level":"info","message":"[http:3001] ::1:58354 => GET /api/marcas","timestamp":"2026-03-18T23:06:37.162Z"}
{"level":"info","message":"[http:3001] no predicate match, using default response","timestamp":"2026-03-18T23:06:37.163Z"}
{"level":"info","message":"[http:3001] ::1:58359 => GET /api/marcas","timestamp":"2026-03-18T23:06:46.575Z"}
{"level":"info","message":"[http:3001] no predicate match, using default response","timestamp":"2026-03-18T23:06:46.576Z"}
{"level":"info","message":"[http:3001] ::1:51320 => GET /api/marcas","timestamp":"2026-03-18T23:07:36.367Z"}
{"level":"info","message":"[http:3001] no predicate match, using default response","timestamp":"2026-03-18T23:07:36.368Z"}
{"level":"info","message":"[mb:2526] Adios - see you soon?","timestamp":"2026-03-18T23:10:23.820Z"}
